<?xml version="1.0" encoding="UTF-8"?>
<testng-results ignored="0" total="2" passed="2" failed="0" skipped="0">
  <reporter-output>
    <line>
      <![CDATA[DashBoard is displayed sucessfully]]>
    </line>
    <line>
      <![CDATA[Admin Login Is tested]]>
    </line>
  </reporter-output>
  <suite started-at="2023-01-19T12:10:24 IST" name="Default suite" finished-at="2023-01-19T12:10:24 IST" duration-ms="93">
    <groups>
    </groups>
    <test started-at="2023-01-19T12:10:24 IST" name="Default test" finished-at="2023-01-19T12:10:24 IST" duration-ms="93">
      <class name="adminModule.AdminTest">
        <test-method signature="adminDashBoardTest()[pri:0, instance:adminModule.AdminTest@22e357dc]" started-at="2023-01-19T12:10:24 IST" name="adminDashBoardTest" finished-at="2023-01-19T12:10:24 IST" duration-ms="19" status="PASS">
          <reporter-output>
            <line>
              <![CDATA[DashBoard is displayed sucessfully]]>
            </line>
          </reporter-output>
        </test-method> <!-- adminDashBoardTest -->
        <test-method signature="adminLoginTest()[pri:0, instance:adminModule.AdminTest@22e357dc]" started-at="2023-01-19T12:10:24 IST" name="adminLoginTest" finished-at="2023-01-19T12:10:24 IST" duration-ms="3" status="PASS">
          <reporter-output>
            <line>
              <![CDATA[Admin Login Is tested]]>
            </line>
          </reporter-output>
        </test-method> <!-- adminLoginTest -->
      </class> <!-- adminModule.AdminTest -->
    </test> <!-- Default test -->
  </suite> <!-- Default suite -->
</testng-results>
